Using pre-set license
Built from '2020.3/staging' branch; Version is '2020.3.4f1 (0abb6314276a) revision 703331'; Using compiler version '192528614'; Build Type 'Release'
OS: 'Windows 10 Home Single Language; OS build 19041.508; Version 2004; 64bit' Language: 'en' Physical Memory: 3784 MB
BatchMode: 1, IsHumanControllingUs: 0, StartBugReporterOnCrash: 0, Is64bit: 1, IsPro: 0

 COMMAND LINE ARGUMENTS:
C:\Users\S.ELUMALAI\Downloads\2020.3.4f1\Editor\Unity.exe
-adb2
-batchMode
-noUpm
-name
AssetImportWorker4
-projectPath
C:/Users/S.ELUMALAI/unity works/hexaplay
-logFile
Logs/AssetImportWorker4.log
-srvPort
57516
Successfully changed project path to: C:/Users/S.ELUMALAI/unity works/hexaplay
C:/Users/S.ELUMALAI/unity works/hexaplay
Using Asset Import Pipeline V2.
Refreshing native plugins compatible for Editor in 7441.94 ms, found 1 plugins.
Preloading 0 native plugins for Editor in 0.00 ms.
Initialize engine version: 2020.3.4f1 (0abb6314276a)
[Subsystems] Discovering subsystems at path C:/Users/S.ELUMALAI/Downloads/2020.3.4f1/Editor/Data/Resources/UnitySubsystems
[Subsystems] Discovering subsystems at path C:/Users/S.ELUMALAI/unity works/hexaplay/Assets
GfxDevice: creating device client; threaded=0
Direct3D:
    Version:  Direct3D 11.0 [level 11.1]
    Renderer: Intel(R) UHD Graphics (ID=0x8a56)
    Vendor:   
    VRAM:     1892 MB
    Driver:   26.20.100.7926
